[2024-05-31 11:13:18] [main] [34mINFO [0;39m o.s.b.w.e.tomcat.TomcatWebServer - Tomcat initialized with port 8080 (http)
[2024-05-31 11:13:18] [main] [34mINFO [0;39m o.a.catalina.core.StandardService - Starting service [Tomcat]
[2024-05-31 11:13:18] [main] [34mINFO [0;39m o.a.catalina.core.StandardEngine - Starting Servlet engine: [Apache Tomcat/10.1.24]
[2024-05-31 11:13:18] [main] [34mINFO [0;39m o.a.c.c.C.[Tomcat].[localhost].[/] - Initializing Spring embedded WebApplicationContext
[2024-05-31 11:13:18] [main] [34mINFO [0;39m o.s.b.w.s.c.ServletWebServerApplicationContext - Root WebApplicationContext: initialization completed in 1861 ms
[2024-05-31 11:13:18] [main] [31mWARN [0;39m o.s.b.a.s.s.UserDetailsServiceAutoConfiguration - 

Using generated security password: 1b2a5331-a5e7-4885-9222-59a2e12f2ab5

This generated password is for development use only. Your security configuration must be updated before running your application in production.

[2024-05-31 11:13:19] [main] [34mINFO [0;39m o.s.s.web.DefaultSecurityFilterChain - Will secure any request with [org.springframework.security.web.session.DisableEncodeUrlFilter@73e4bb60, org.springframework.security.web.context.request.async.WebAsyncManagerIntegrationFilter@9a9aa68, org.springframework.security.web.context.SecurityContextHolderFilter@2616b618, org.springframework.security.web.header.HeaderWriterFilter@4b93dd6a, org.springframework.web.filter.CorsFilter@3a3883c4, org.springframework.security.web.authentication.logout.LogoutFilter@68e5c7ae, clv.cos.odc.customized_dietary.common.config.spring_security.CustomFilter@21b6c9c2, org.springframework.security.web.savedrequest.RequestCacheAwareFilter@7ac058a0, org.springframework.security.web.servletapi.SecurityContextHolderAwareRequestFilter@736b21ee, org.springframework.security.web.authentication.AnonymousAuthenticationFilter@1537e43, org.springframework.security.web.access.ExceptionTranslationFilter@47569167, org.springframework.security.web.access.intercept.AuthorizationFilter@70f148dc]
[2024-05-31 11:13:19] [main] [34mINFO [0;39m o.s.b.w.e.tomcat.TomcatWebServer - Tomcat started on port 8080 (http) with context path ''
[2024-05-31 11:13:23] [http-nio-8080-exec-1] [34mINFO [0;39m o.a.c.c.C.[Tomcat].[localhost].[/] - Initializing Spring DispatcherServlet 'dispatcherServlet'
[2024-05-31 11:13:23] [http-nio-8080-exec-1] [34mINFO [0;39m o.s.web.servlet.DispatcherServlet - Initializing Servlet 'dispatcherServlet'
[2024-05-31 11:13:23] [http-nio-8080-exec-1] [34mINFO [0;39m o.s.web.servlet.DispatcherServlet - Completed initialization in 1 ms
[2024-05-31 11:13:23] [http-nio-8080-exec-1] [34mINFO [0;39m com.zaxxer.hikari.HikariDataSource - HikariPool-1 - Starting...
[2024-05-31 11:13:23] [http-nio-8080-exec-1] [34mINFO [0;39m com.zaxxer.hikari.pool.HikariPool - HikariPool-1 - Added connection org.mariadb.jdbc.Connection@4365524b
[2024-05-31 11:13:23] [http-nio-8080-exec-1] [34mINFO [0;39m com.zaxxer.hikari.HikariDataSource - HikariPool-1 - Start completed.
[2024-05-31 11:13:23] [http-nio-8080-exec-1] [1;31mERROR[0;39m c.c.o.c.c.c.mybatis.SQLInterceptor - Executed SQL: SELECT * FROM cars
[2024-05-31 11:14:35] [SpringApplicationShutdownHook] [34mINFO [0;39m com.zaxxer.hikari.HikariDataSource - HikariPool-1 - Shutdown initiated...
[2024-05-31 11:14:35] [SpringApplicationShutdownHook] [34mINFO [0;39m com.zaxxer.hikari.HikariDataSource - HikariPool-1 - Shutdown completed.
[2024-05-31 11:14:37] [main] [34mINFO [0;39m c.c.o.c.CustomizedDietaryApplication - Starting CustomizedDietaryApplication using Java 17.0.11 with PID 19692 (C:\Users\tai.duong\Desktop\ODC\BE new\customized-dietary\target\classes started by tai.duong in C:\Users\tai.duong\Desktop\ODC\BE new\customized-dietary)
[2024-05-31 11:14:37] [main] [34mINFO [0;39m c.c.o.c.CustomizedDietaryApplication - No active profile set, falling back to 1 default profile: "default"
[2024-05-31 11:14:39] [main] [34mINFO [0;39m o.s.b.w.e.tomcat.TomcatWebServer - Tomcat initialized with port 8080 (http)
[2024-05-31 11:14:39] [main] [34mINFO [0;39m o.a.catalina.core.StandardService - Starting service [Tomcat]
[2024-05-31 11:14:39] [main] [34mINFO [0;39m o.a.catalina.core.StandardEngine - Starting Servlet engine: [Apache Tomcat/10.1.24]
[2024-05-31 11:14:39] [main] [34mINFO [0;39m o.a.c.c.C.[Tomcat].[localhost].[/] - Initializing Spring embedded WebApplicationContext
[2024-05-31 11:14:39] [main] [34mINFO [0;39m o.s.b.w.s.c.ServletWebServerApplicationContext - Root WebApplicationContext: initialization completed in 1906 ms
[2024-05-31 11:14:40] [main] [31mWARN [0;39m o.s.b.a.s.s.UserDetailsServiceAutoConfiguration - 

Using generated security password: 3671c5f6-a360-4839-8072-38f6c2c5375f

This generated password is for development use only. Your security configuration must be updated before running your application in production.

[2024-05-31 11:14:40] [main] [34mINFO [0;39m o.s.s.web.DefaultSecurityFilterChain - Will secure any request with [org.springframework.security.web.session.DisableEncodeUrlFilter@96abc76, org.springframework.security.web.context.request.async.WebAsyncManagerIntegrationFilter@4d69d288, org.springframework.security.web.context.SecurityContextHolderFilter@5bec3e0, org.springframework.security.web.header.HeaderWriterFilter@6b2aafbc, org.springframework.web.filter.CorsFilter@437281c5, org.springframework.security.web.authentication.logout.LogoutFilter@7d7ceca8, clv.cos.odc.customized_dietary.common.config.spring_security.CustomFilter@5b5dce5c, org.springframework.security.web.savedrequest.RequestCacheAwareFilter@35f7969d, org.springframework.security.web.servletapi.SecurityContextHolderAwareRequestFilter@3404e5c4, org.springframework.security.web.authentication.AnonymousAuthenticationFilter@787178b1, org.springframework.security.web.access.ExceptionTranslationFilter@62cf6a84, org.springframework.security.web.access.intercept.AuthorizationFilter@6744707b]
[2024-05-31 11:14:41] [main] [34mINFO [0;39m o.s.b.w.e.tomcat.TomcatWebServer - Tomcat started on port 8080 (http) with context path ''
[2024-05-31 11:14:41] [main] [34mINFO [0;39m c.c.o.c.CustomizedDietaryApplication - Started CustomizedDietaryApplication in 3.931 seconds (process running for 4.49)
[2024-05-31 11:14:54] [http-nio-8080-exec-1] [34mINFO [0;39m o.a.c.c.C.[Tomcat].[localhost].[/] - Initializing Spring DispatcherServlet 'dispatcherServlet'
[2024-05-31 11:14:54] [http-nio-8080-exec-1] [34mINFO [0;39m o.s.web.servlet.DispatcherServlet - Initializing Servlet 'dispatcherServlet'
[2024-05-31 11:14:54] [http-nio-8080-exec-1] [34mINFO [0;39m o.s.web.servlet.DispatcherServlet - Completed initialization in 2 ms
[2024-05-31 11:14:54] [http-nio-8080-exec-1] [34mINFO [0;39m com.zaxxer.hikari.HikariDataSource - HikariPool-1 - Starting...
[2024-05-31 11:14:55] [http-nio-8080-exec-1] [34mINFO [0;39m com.zaxxer.hikari.pool.HikariPool - HikariPool-1 - Added connection org.mariadb.jdbc.Connection@6aeed7b9
[2024-05-31 11:14:55] [http-nio-8080-exec-1] [34mINFO [0;39m com.zaxxer.hikari.HikariDataSource - HikariPool-1 - Start completed.
[2024-05-31 11:14:55] [http-nio-8080-exec-1] [34mINFO [0;39m c.c.o.c.c.c.mybatis.SQLInterceptor - Executed SQL: SELECT * FROM cars
[2024-05-31 11:14:55] [http-nio-8080-exec-1] [1;31mERROR[0;39m c.c.o.c.c.c.mybatis.SQLInterceptor - Executed SQL: SELECT * FROM cars
[2024-05-31 11:20:25] [SpringApplicationShutdownHook] [34mINFO [0;39m com.zaxxer.hikari.HikariDataSource - HikariPool-1 - Shutdown initiated...
[2024-05-31 11:20:25] [SpringApplicationShutdownHook] [34mINFO [0;39m com.zaxxer.hikari.HikariDataSource - HikariPool-1 - Shutdown completed.
[2024-05-31 11:20:27] [main] [34mINFO [0;39m c.c.o.c.CustomizedDietaryApplication - [35m%PARSER_ERROR[msg][0m
[2024-05-31 11:20:27] [main] [34mINFO [0;39m c.c.o.c.CustomizedDietaryApplication - [35m%PARSER_ERROR[msg][0m
[2024-05-31 11:20:29] [main] [34mINFO [0;39m o.s.b.w.e.tomcat.TomcatWebServer - [35m%PARSER_ERROR[msg][0m
[2024-05-31 11:20:29] [main] [34mINFO [0;39m o.a.catalina.core.StandardService - [35m%PARSER_ERROR[msg][0m
[2024-05-31 11:20:29] [main] [34mINFO [0;39m o.a.catalina.core.StandardEngine - [35m%PARSER_ERROR[msg][0m
[2024-05-31 11:20:29] [main] [34mINFO [0;39m o.a.c.c.C.[Tomcat].[localhost].[/] - [35m%PARSER_ERROR[msg][0m
[2024-05-31 11:20:29] [main] [34mINFO [0;39m o.s.b.w.s.c.ServletWebServerApplicationContext - [35m%PARSER_ERROR[msg][0m
[2024-05-31 11:20:29] [main] [31mWARN [0;39m o.s.b.a.s.s.UserDetailsServiceAutoConfiguration - [35m%PARSER_ERROR[msg][0m
[2024-05-31 11:20:30] [main] [34mINFO [0;39m o.s.s.web.DefaultSecurityFilterChain - [35m%PARSER_ERROR[msg][0m
[2024-05-31 11:20:30] [main] [34mINFO [0;39m o.s.b.w.e.tomcat.TomcatWebServer - [35m%PARSER_ERROR[msg][0m
[2024-05-31 11:20:30] [main] [34mINFO [0;39m c.c.o.c.CustomizedDietaryApplication - [35m%PARSER_ERROR[msg][0m
[2024-05-31 11:21:18] [main] [34mINFO [0;39m c.c.o.c.CustomizedDietaryApplication - [32m%PARSER_ERROR[msg][0m
[2024-05-31 11:21:18] [main] [34mINFO [0;39m c.c.o.c.CustomizedDietaryApplication - [32m%PARSER_ERROR[msg][0m
[2024-05-31 11:21:20] [main] [34mINFO [0;39m o.s.b.w.e.tomcat.TomcatWebServer - [32m%PARSER_ERROR[msg][0m
[2024-05-31 11:21:20] [main] [34mINFO [0;39m o.a.catalina.core.StandardService - [32m%PARSER_ERROR[msg][0m
[2024-05-31 11:21:20] [main] [34mINFO [0;39m o.a.catalina.core.StandardEngine - [32m%PARSER_ERROR[msg][0m
[2024-05-31 11:21:20] [main] [34mINFO [0;39m o.a.c.c.C.[Tomcat].[localhost].[/] - [32m%PARSER_ERROR[msg][0m
[2024-05-31 11:21:20] [main] [34mINFO [0;39m o.s.b.w.s.c.ServletWebServerApplicationContext - [32m%PARSER_ERROR[msg][0m
[2024-05-31 11:21:21] [main] [31mWARN [0;39m o.s.b.a.s.s.UserDetailsServiceAutoConfiguration - [32m%PARSER_ERROR[msg][0m
[2024-05-31 11:21:21] [main] [34mINFO [0;39m o.s.s.web.DefaultSecurityFilterChain - [32m%PARSER_ERROR[msg][0m
[2024-05-31 11:21:22] [main] [34mINFO [0;39m o.s.b.w.e.tomcat.TomcatWebServer - [32m%PARSER_ERROR[msg][0m
[2024-05-31 11:21:22] [main] [34mINFO [0;39m c.c.o.c.CustomizedDietaryApplication - [32m%PARSER_ERROR[msg][0m
[2024-05-31 11:21:34] [main] [34mINFO [0;39m c.c.o.c.CustomizedDietaryApplication - Starting CustomizedDietaryApplication using Java 17.0.11 with PID 14640 (C:\Users\tai.duong\Desktop\ODC\BE new\customized-dietary\target\classes started by tai.duong in C:\Users\tai.duong\Desktop\ODC\BE new\customized-dietary)
[2024-05-31 11:21:34] [main] [34mINFO [0;39m c.c.o.c.CustomizedDietaryApplication - No active profile set, falling back to 1 default profile: "default"
[2024-05-31 11:21:36] [main] [34mINFO [0;39m o.s.b.w.e.tomcat.TomcatWebServer - Tomcat initialized with port 8080 (http)
[2024-05-31 11:21:36] [main] [34mINFO [0;39m o.a.catalina.core.StandardService - Starting service [Tomcat]
[2024-05-31 11:21:36] [main] [34mINFO [0;39m o.a.catalina.core.StandardEngine - Starting Servlet engine: [Apache Tomcat/10.1.24]
[2024-05-31 11:21:36] [main] [34mINFO [0;39m o.a.c.c.C.[Tomcat].[localhost].[/] - Initializing Spring embedded WebApplicationContext
[2024-05-31 11:21:36] [main] [34mINFO [0;39m o.s.b.w.s.c.ServletWebServerApplicationContext - Root WebApplicationContext: initialization completed in 1812 ms
[2024-05-31 11:21:37] [main] [31mWARN [0;39m o.s.b.a.s.s.UserDetailsServiceAutoConfiguration - 

Using generated security password: 98f640e3-bc44-4d4f-b3af-1c4f9a95af54

This generated password is for development use only. Your security configuration must be updated before running your application in production.

[2024-05-31 11:21:37] [main] [34mINFO [0;39m o.s.s.web.DefaultSecurityFilterChain - Will secure any request with [org.springframework.security.web.session.DisableEncodeUrlFilter@96abc76, org.springframework.security.web.context.request.async.WebAsyncManagerIntegrationFilter@4d69d288, org.springframework.security.web.context.SecurityContextHolderFilter@5bec3e0, org.springframework.security.web.header.HeaderWriterFilter@6b2aafbc, org.springframework.web.filter.CorsFilter@437281c5, org.springframework.security.web.authentication.logout.LogoutFilter@7d7ceca8, clv.cos.odc.customized_dietary.common.config.spring_security.CustomFilter@5b5dce5c, org.springframework.security.web.savedrequest.RequestCacheAwareFilter@35f7969d, org.springframework.security.web.servletapi.SecurityContextHolderAwareRequestFilter@3404e5c4, org.springframework.security.web.authentication.AnonymousAuthenticationFilter@787178b1, org.springframework.security.web.access.ExceptionTranslationFilter@62cf6a84, org.springframework.security.web.access.intercept.AuthorizationFilter@6744707b]
[2024-05-31 11:21:38] [main] [34mINFO [0;39m o.s.b.w.e.tomcat.TomcatWebServer - Tomcat started on port 8080 (http) with context path ''
[2024-05-31 11:21:38] [main] [34mINFO [0;39m c.c.o.c.CustomizedDietaryApplication - Started CustomizedDietaryApplication in 3.806 seconds (process running for 4.279)
[37m31-05-2024 11:26:13[0;39m [34mINFO [0;39m [[34mmain[0;39m] [33morg.springframework.boot.StartupInfoLogger[0;39m: Starting CustomizedDietaryApplication using Java 17.0.11 with PID 18720 (C:\Users\tai.duong\Desktop\ODC\BE new\customized-dietary\target\classes started by tai.duong in C:\Users\tai.duong\Desktop\ODC\BE new\customized-dietary)
[37m31-05-2024 11:26:13[0;39m [34mINFO [0;39m [[34mmain[0;39m] [33morg.springframework.boot.SpringApplication[0;39m: No active profile set, falling back to 1 default profile: "default"
[37m31-05-2024 11:26:15[0;39m [34mINFO [0;39m [[34mmain[0;39m] [33morg.springframework.boot.web.embedded.tomcat.TomcatWebServer[0;39m: Tomcat initialized with port 8080 (http)
[37m31-05-2024 11:26:15[0;39m [34mINFO [0;39m [[34mmain[0;39m] [33morg.apache.juli.logging.DirectJDKLog[0;39m: Starting service [Tomcat]
[37m31-05-2024 11:26:15[0;39m [34mINFO [0;39m [[34mmain[0;39m] [33morg.apache.juli.logging.DirectJDKLog[0;39m: Starting Servlet engine: [Apache Tomcat/10.1.24]
[37m31-05-2024 11:26:15[0;39m [34mINFO [0;39m [[34mmain[0;39m] [33morg.apache.juli.logging.DirectJDKLog[0;39m: Initializing Spring embedded WebApplicationContext
[37m31-05-2024 11:26:15[0;39m [34mINFO [0;39m [[34mmain[0;39m] [33morg.springframework.boot.web.servlet.context.ServletWebServerApplicationContext[0;39m: Root WebApplicationContext: initialization completed in 1848 ms
[37m31-05-2024 11:26:16[0;39m [31mWARN [0;39m [[34mmain[0;39m] [33morg.springframework.boot.autoconfigure.security.servlet.UserDetailsServiceAutoConfiguration[0;39m: 

Using generated security password: 2e53d31e-b6e9-4a44-abaa-a2b3b41ddd66

This generated password is for development use only. Your security configuration must be updated before running your application in production.

[37m31-05-2024 11:26:16[0;39m [34mINFO [0;39m [[34mmain[0;39m] [33morg.springframework.security.web.DefaultSecurityFilterChain[0;39m: Will secure any request with [org.springframework.security.web.session.DisableEncodeUrlFilter@2bba35ef, org.springframework.security.web.context.request.async.WebAsyncManagerIntegrationFilter@26c7b1c6, org.springframework.security.web.context.SecurityContextHolderFilter@634e1b39, org.springframework.security.web.header.HeaderWriterFilter@632cf7d3, org.springframework.web.filter.CorsFilter@19526f1d, org.springframework.security.web.authentication.logout.LogoutFilter@4cc8d70d, clv.cos.odc.customized_dietary.common.config.spring_security.CustomFilter@493b01ef, org.springframework.security.web.savedrequest.RequestCacheAwareFilter@751d7425, org.springframework.security.web.servletapi.SecurityContextHolderAwareRequestFilter@7eaa2bc6, org.springframework.security.web.authentication.AnonymousAuthenticationFilter@3d1c933, org.springframework.security.web.access.ExceptionTranslationFilter@5fb5ad40, org.springframework.security.web.access.intercept.AuthorizationFilter@65bd19bf]
[37m31-05-2024 11:26:17[0;39m [34mINFO [0;39m [[34mmain[0;39m] [33morg.springframework.boot.web.embedded.tomcat.TomcatWebServer[0;39m: Tomcat started on port 8080 (http) with context path ''
[37m31-05-2024 11:26:17[0;39m [34mINFO [0;39m [[34mmain[0;39m] [33morg.springframework.boot.StartupInfoLogger[0;39m: Started CustomizedDietaryApplication in 3.854 seconds (process running for 4.327)
[37m31-05-2024 11:26:29[0;39m [34mINFO [0;39m [[34mhttp-nio-8080-exec-1[0;39m] [33morg.apache.juli.logging.DirectJDKLog[0;39m: Initializing Spring DispatcherServlet 'dispatcherServlet'
[37m31-05-2024 11:26:29[0;39m [34mINFO [0;39m [[34mhttp-nio-8080-exec-1[0;39m] [33morg.springframework.web.servlet.FrameworkServlet[0;39m: Initializing Servlet 'dispatcherServlet'
[37m31-05-2024 11:26:29[0;39m [34mINFO [0;39m [[34mhttp-nio-8080-exec-1[0;39m] [33morg.springframework.web.servlet.FrameworkServlet[0;39m: Completed initialization in 0 ms
[37m31-05-2024 11:26:30[0;39m [34mINFO [0;39m [[34mhttp-nio-8080-exec-1[0;39m] [33mcom.zaxxer.hikari.HikariDataSource[0;39m: HikariPool-1 - Starting...
[37m31-05-2024 11:26:30[0;39m [34mINFO [0;39m [[34mhttp-nio-8080-exec-1[0;39m] [33mcom.zaxxer.hikari.pool.HikariPool[0;39m: HikariPool-1 - Added connection org.mariadb.jdbc.Connection@6aba5344
[37m31-05-2024 11:26:30[0;39m [34mINFO [0;39m [[34mhttp-nio-8080-exec-1[0;39m] [33mcom.zaxxer.hikari.HikariDataSource[0;39m: HikariPool-1 - Start completed.
[37m31-05-2024 11:26:30[0;39m [34mINFO [0;39m [[34mhttp-nio-8080-exec-1[0;39m] [33mclv.cos.odc.customized_dietary.common.config.mybatis.SQLInterceptor[0;39m: Executed SQL: SELECT * FROM cars
[37m31-05-2024 11:26:30[0;39m [1;31mERROR[0;39m [[34mhttp-nio-8080-exec-1[0;39m] [33mclv.cos.odc.customized_dietary.common.config.mybatis.SQLInterceptor[0;39m: Executed SQL: SELECT * FROM cars
[37m31-05-2024 11:37:30[0;39m [34mINFO [0;39m [[34mhttp-nio-8080-exec-3[0;39m] [33mclv.cos.odc.customized_dietary.common.config.mybatis.SQLInterceptor[0;39m: Executed SQL: INSERT INTO cars(name, series) VALUES(?, ?)
[37m31-05-2024 11:37:30[0;39m [1;31mERROR[0;39m [[34mhttp-nio-8080-exec-3[0;39m] [33mclv.cos.odc.customized_dietary.common.config.mybatis.SQLInterceptor[0;39m: Executed SQL: INSERT INTO cars(name, series) VALUES(?, ?)
[37m31-05-2024 11:37:30[0;39m [34mINFO [0;39m [[34mhttp-nio-8080-exec-3[0;39m] [33mclv.cos.odc.customized_dietary.common.config.mybatis.SQLInterceptor[0;39m: Executed SQL: SELECT * FROM cars WHERE id = ?
[37m31-05-2024 11:37:30[0;39m [1;31mERROR[0;39m [[34mhttp-nio-8080-exec-3[0;39m] [33mclv.cos.odc.customized_dietary.common.config.mybatis.SQLInterceptor[0;39m: Executed SQL: SELECT * FROM cars WHERE id = ?
[37m31-05-2024 11:38:01[0;39m [31mWARN [0;39m [[34mhttp-nio-8080-exec-2[0;39m] [33morg.apache.juli.logging.DirectJDKLog[0;39m: Creation of SecureRandom instance for session ID generation using [SHA1PRNG] took [116] milliseconds.
[37m31-05-2024 11:40:31[0;39m [34mINFO [0;39m [[34mSpringApplicationShutdownHook[0;39m] [33mcom.zaxxer.hikari.HikariDataSource[0;39m: HikariPool-1 - Shutdown initiated...
[37m31-05-2024 11:40:31[0;39m [34mINFO [0;39m [[34mSpringApplicationShutdownHook[0;39m] [33mcom.zaxxer.hikari.HikariDataSource[0;39m: HikariPool-1 - Shutdown completed.
[37m31-05-2024 11:40:35[0;39m [34mINFO [0;39m [[34mmain[0;39m] [33morg.springframework.boot.StartupInfoLogger[0;39m: Starting CustomizedDietaryApplication using Java 17.0.11 with PID 5088 (C:\Users\tai.duong\Desktop\ODC\BE new\customized-dietary\target\classes started by tai.duong in C:\Users\tai.duong\Desktop\ODC\BE new\customized-dietary)
[37m31-05-2024 11:40:35[0;39m [34mINFO [0;39m [[34mmain[0;39m] [33morg.springframework.boot.SpringApplication[0;39m: No active profile set, falling back to 1 default profile: "default"
[37m31-05-2024 11:40:36[0;39m [34mINFO [0;39m [[34mmain[0;39m] [33morg.springframework.boot.web.embedded.tomcat.TomcatWebServer[0;39m: Tomcat initialized with port 8080 (http)
[37m31-05-2024 11:40:36[0;39m [34mINFO [0;39m [[34mmain[0;39m] [33morg.apache.juli.logging.DirectJDKLog[0;39m: Starting service [Tomcat]
[37m31-05-2024 11:40:36[0;39m [34mINFO [0;39m [[34mmain[0;39m] [33morg.apache.juli.logging.DirectJDKLog[0;39m: Starting Servlet engine: [Apache Tomcat/10.1.24]
[37m31-05-2024 11:40:37[0;39m [34mINFO [0;39m [[34mmain[0;39m] [33morg.apache.juli.logging.DirectJDKLog[0;39m: Initializing Spring embedded WebApplicationContext
[37m31-05-2024 11:40:37[0;39m [34mINFO [0;39m [[34mmain[0;39m] [33morg.springframework.boot.web.servlet.context.ServletWebServerApplicationContext[0;39m: Root WebApplicationContext: initialization completed in 1926 ms
[37m31-05-2024 11:40:37[0;39m [31mWARN [0;39m [[34mmain[0;39m] [33morg.springframework.boot.autoconfigure.security.servlet.UserDetailsServiceAutoConfiguration[0;39m: 

Using generated security password: 1f2e369e-1668-4657-b210-95fa5a6b7049

This generated password is for development use only. Your security configuration must be updated before running your application in production.

[37m31-05-2024 11:40:38[0;39m [34mINFO [0;39m [[34mmain[0;39m] [33morg.springframework.security.web.DefaultSecurityFilterChain[0;39m: Will secure any request with [org.springframework.security.web.session.DisableEncodeUrlFilter@4b28a7bf, org.springframework.security.web.context.request.async.WebAsyncManagerIntegrationFilter@d36c1c3, org.springframework.security.web.context.SecurityContextHolderFilter@50cbcca7, org.springframework.security.web.header.HeaderWriterFilter@62cf6a84, org.springframework.web.filter.CorsFilter@96abc76, org.springframework.security.web.authentication.logout.LogoutFilter@65bd19bf, clv.cos.odc.customized_dietary.common.config.spring_security.CustomFilter@7c37f145, org.springframework.security.web.savedrequest.RequestCacheAwareFilter@5bec3e0, org.springframework.security.web.servletapi.SecurityContextHolderAwareRequestFilter@3b57dba4, org.springframework.security.web.authentication.AnonymousAuthenticationFilter@4d69d288, org.springframework.security.web.access.ExceptionTranslationFilter@53a301f3, org.springframework.security.web.access.intercept.AuthorizationFilter@68e5c7ae]
[37m31-05-2024 11:40:38[0;39m [34mINFO [0;39m [[34mmain[0;39m] [33morg.springframework.boot.web.embedded.tomcat.TomcatWebServer[0;39m: Tomcat started on port 8080 (http) with context path ''
[37m31-05-2024 11:40:38[0;39m [34mINFO [0;39m [[34mmain[0;39m] [33morg.springframework.boot.StartupInfoLogger[0;39m: Started CustomizedDietaryApplication in 4.043 seconds (process running for 4.486)
[37m31-05-2024 11:40:41[0;39m [34mINFO [0;39m [[34mhttp-nio-8080-exec-1[0;39m] [33morg.apache.juli.logging.DirectJDKLog[0;39m: Initializing Spring DispatcherServlet 'dispatcherServlet'
[37m31-05-2024 11:40:41[0;39m [34mINFO [0;39m [[34mhttp-nio-8080-exec-1[0;39m] [33morg.springframework.web.servlet.FrameworkServlet[0;39m: Initializing Servlet 'dispatcherServlet'
[37m31-05-2024 11:40:41[0;39m [34mINFO [0;39m [[34mhttp-nio-8080-exec-1[0;39m] [33morg.springframework.web.servlet.FrameworkServlet[0;39m: Completed initialization in 1 ms
[37m31-05-2024 11:40:41[0;39m [34mINFO [0;39m [[34mhttp-nio-8080-exec-1[0;39m] [33mcom.zaxxer.hikari.HikariDataSource[0;39m: HikariPool-1 - Starting...
[37m31-05-2024 11:40:42[0;39m [34mINFO [0;39m [[34mhttp-nio-8080-exec-1[0;39m] [33mcom.zaxxer.hikari.pool.HikariPool[0;39m: HikariPool-1 - Added connection org.mariadb.jdbc.Connection@1d3e5d02
[37m31-05-2024 11:40:42[0;39m [34mINFO [0;39m [[34mhttp-nio-8080-exec-1[0;39m] [33mcom.zaxxer.hikari.HikariDataSource[0;39m: HikariPool-1 - Start completed.
[37m31-05-2024 11:40:42[0;39m [34mINFO [0;39m [[34mhttp-nio-8080-exec-1[0;39m] [33mclv.cos.odc.customized_dietary.common.config.mybatis.SQLInterceptor[0;39m: Executed SQL: SELECT * FROM cars WHERE id = ?
[37m31-05-2024 11:40:42[0;39m [1;31mERROR[0;39m [[34mhttp-nio-8080-exec-1[0;39m] [33mclv.cos.odc.customized_dietary.common.config.mybatis.SQLInterceptor[0;39m: Executed SQL: SELECT * FROM cars WHERE id = ?
[37m31-05-2024 11:40:43[0;39m [34mINFO [0;39m [[34mhttp-nio-8080-exec-2[0;39m] [33mclv.cos.odc.customized_dietary.common.config.mybatis.SQLInterceptor[0;39m: Executed SQL: SELECT * FROM cars
[37m31-05-2024 11:40:43[0;39m [1;31mERROR[0;39m [[34mhttp-nio-8080-exec-2[0;39m] [33mclv.cos.odc.customized_dietary.common.config.mybatis.SQLInterceptor[0;39m: Executed SQL: SELECT * FROM cars
[37m31-05-2024 11:40:58[0;39m [34mINFO [0;39m [[34mhttp-nio-8080-exec-3[0;39m] [33mclv.cos.odc.customized_dietary.common.config.mybatis.SQLInterceptor[0;39m: Executed SQL: UPDATE users SET name = ?, series = ? WHERE id = ?
[37m31-05-2024 11:40:58[0;39m [1;31mERROR[0;39m [[34mhttp-nio-8080-exec-3[0;39m] [33mclv.cos.odc.customized_dietary.common.config.mybatis.SQLInterceptor[0;39m: Executed SQL: UPDATE users SET name = ?, series = ? WHERE id = ?
[37m31-05-2024 11:40:58[0;39m [31mWARN [0;39m [[34mhttp-nio-8080-exec-3[0;39m] [33morg.mariadb.jdbc.util.log.Slf4JLogger[0;39m: Error: 1146-42S02: Table 'mariadb.users' doesn't exist
[37m31-05-2024 11:40:58[0;39m [1;31mERROR[0;39m [[34mhttp-nio-8080-exec-3[0;39m] [33morg.apache.juli.logging.DirectJDKLog[0;39m: Servlet.service() for servlet [dispatcherServlet] in context with path [] threw exception [Request processing failed: org.springframework.jdbc.BadSqlGrammarException: 
### Error updating database.  Cause: java.sql.SQLSyntaxErrorException: (conn=213) Table 'mariadb.users' doesn't exist
### The error may exist in file [C:\Users\tai.duong\Desktop\ODC\BE new\customized-dietary\target\classes\mapper\CarMapper.xml]
### The error may involve defaultParameterMap
### The error occurred while setting parameters
### SQL: UPDATE users SET name = ?, series = ? WHERE id = ?
### Cause: java.sql.SQLSyntaxErrorException: (conn=213) Table 'mariadb.users' doesn't exist
; bad SQL grammar []] with root cause
java.sql.SQLSyntaxErrorException: (conn=213) Table 'mariadb.users' doesn't exist
	at org.mariadb.jdbc.export.ExceptionFactory.createException(ExceptionFactory.java:289)
	at org.mariadb.jdbc.export.ExceptionFactory.create(ExceptionFactory.java:378)
	at org.mariadb.jdbc.message.ClientMessage.readPacket(ClientMessage.java:172)
	at org.mariadb.jdbc.client.impl.StandardClient.readPacket(StandardClient.java:915)
	at org.mariadb.jdbc.client.impl.StandardClient.readResults(StandardClient.java:854)
	at org.mariadb.jdbc.client.impl.StandardClient.readResponse(StandardClient.java:773)
	at org.mariadb.jdbc.client.impl.StandardClient.execute(StandardClient.java:697)
	at org.mariadb.jdbc.ClientPreparedStatement.executeInternal(ClientPreparedStatement.java:93)
	at org.mariadb.jdbc.ClientPreparedStatement.execute(ClientPreparedStatement.java:276)
	at com.zaxxer.hikari.pool.ProxyPreparedStatement.execute(ProxyPreparedStatement.java:44)
	at com.zaxxer.hikari.pool.HikariProxyPreparedStatement.execute(HikariProxyPreparedStatement.java)
	at org.apache.ibatis.executor.statement.PreparedStatementHandler.update(PreparedStatementHandler.java:48)
	at org.apache.ibatis.executor.statement.RoutingStatementHandler.update(RoutingStatementHandler.java:75)
	at java.base/jdk.internal.reflect.NativeMethodAccessorImpl.invoke0(Native Method)
	at java.base/jdk.internal.reflect.NativeMethodAccessorImpl.invoke(NativeMethodAccessorImpl.java:77)
	at java.base/jdk.internal.reflect.DelegatingMethodAccessorImpl.invoke(DelegatingMethodAccessorImpl.java:43)
	at java.base/java.lang.reflect.Method.invoke(Method.java:568)
	at org.apache.ibatis.plugin.Plugin.invoke(Plugin.java:61)
	at jdk.proxy2/jdk.proxy2.$Proxy95.update(Unknown Source)
	at org.apache.ibatis.executor.SimpleExecutor.doUpdate(SimpleExecutor.java:50)
	at org.apache.ibatis.executor.BaseExecutor.update(BaseExecutor.java:117)
	at org.apache.ibatis.executor.CachingExecutor.update(CachingExecutor.java:76)
	at org.apache.ibatis.session.defaults.DefaultSqlSession.update(DefaultSqlSession.java:197)
	at java.base/jdk.internal.reflect.NativeMethodAccessorImpl.invoke0(Native Method)
	at java.base/jdk.internal.reflect.NativeMethodAccessorImpl.invoke(NativeMethodAccessorImpl.java:77)
	at java.base/jdk.internal.reflect.DelegatingMethodAccessorImpl.invoke(DelegatingMethodAccessorImpl.java:43)
	at java.base/java.lang.reflect.Method.invoke(Method.java:568)
	at org.mybatis.spring.SqlSessionTemplate$SqlSessionInterceptor.invoke(SqlSessionTemplate.java:425)
	at jdk.proxy2/jdk.proxy2.$Proxy74.update(Unknown Source)
	at org.mybatis.spring.SqlSessionTemplate.update(SqlSessionTemplate.java:288)
	at org.apache.ibatis.binding.MapperMethod.execute(MapperMethod.java:67)
	at org.apache.ibatis.binding.MapperProxy$PlainMethodInvoker.invoke(MapperProxy.java:141)
	at org.apache.ibatis.binding.MapperProxy.invoke(MapperProxy.java:86)
	at jdk.proxy2/jdk.proxy2.$Proxy75.updateCar(Unknown Source)
	at clv.cos.odc.customized_dietary.car.service.CarServiceImpl.updateCar(CarServiceImpl.java:39)
	at clv.cos.odc.customized_dietary.car.controller.CarController.updateCar(CarController.java:37)
	at java.base/jdk.internal.reflect.NativeMethodAccessorImpl.invoke0(Native Method)
	at java.base/jdk.internal.reflect.NativeMethodAccessorImpl.invoke(NativeMethodAccessorImpl.java:77)
	at java.base/jdk.internal.reflect.DelegatingMethodAccessorImpl.invoke(DelegatingMethodAccessorImpl.java:43)
	at java.base/java.lang.reflect.Method.invoke(Method.java:568)
	at org.springframework.web.method.support.InvocableHandlerMethod.doInvoke(InvocableHandlerMethod.java:255)
	at org.springframework.web.method.support.InvocableHandlerMethod.invokeForRequest(InvocableHandlerMethod.java:188)
	at org.springframework.web.servlet.mvc.method.annotation.ServletInvocableHandlerMethod.invokeAndHandle(ServletInvocableHandlerMethod.java:118)
	at org.springframework.web.servlet.mvc.method.annotation.RequestMappingHandlerAdapter.invokeHandlerMethod(RequestMappingHandlerAdapter.java:926)
	at org.springframework.web.servlet.mvc.method.annotation.RequestMappingHandlerAdapter.handleInternal(RequestMappingHandlerAdapter.java:831)
	at org.springframework.web.servlet.mvc.method.AbstractHandlerMethodAdapter.handle(AbstractHandlerMethodAdapter.java:87)
	at org.springframework.web.servlet.DispatcherServlet.doDispatch(DispatcherServlet.java:1089)
	at org.springframework.web.servlet.DispatcherServlet.doService(DispatcherServlet.java:979)
	at org.springframework.web.servlet.FrameworkServlet.processRequest(FrameworkServlet.java:1014)
	at org.springframework.web.servlet.FrameworkServlet.doPut(FrameworkServlet.java:925)
	at jakarta.servlet.http.HttpServlet.service(HttpServlet.java:593)
	at org.springframework.web.servlet.FrameworkServlet.service(FrameworkServlet.java:885)
	at jakarta.servlet.http.HttpServlet.service(HttpServlet.java:658)
	at org.apache.catalina.core.ApplicationFilterChain.internalDoFilter(ApplicationFilterChain.java:195)
	at org.apache.catalina.core.ApplicationFilterChain.doFilter(ApplicationFilterChain.java:140)
	at org.apache.tomcat.websocket.server.WsFilter.doFilter(WsFilter.java:51)
	at org.apache.catalina.core.ApplicationFilterChain.internalDoFilter(ApplicationFilterChain.java:164)
	at org.apache.catalina.core.ApplicationFilterChain.doFilter(ApplicationFilterChain.java:140)
	at org.springframework.web.filter.OncePerRequestFilter.doFilter(OncePerRequestFilter.java:110)
	at org.apache.catalina.core.ApplicationFilterChain.internalDoFilter(ApplicationFilterChain.java:164)
	at org.apache.catalina.core.ApplicationFilterChain.doFilter(ApplicationFilterChain.java:140)
	at org.springframework.web.filter.CompositeFilter$VirtualFilterChain.doFilter(CompositeFilter.java:108)
	at org.springframework.security.web.FilterChainProxy.lambda$doFilterInternal$3(FilterChainProxy.java:231)
	at org.springframework.security.web.FilterChainProxy$VirtualFilterChain.doFilter(FilterChainProxy.java:365)
	at org.springframework.security.web.access.intercept.AuthorizationFilter.doFilter(AuthorizationFilter.java:100)
	at org.springframework.security.web.FilterChainProxy$VirtualFilterChain.doFilter(FilterChainProxy.java:374)
	at org.springframework.security.web.access.ExceptionTranslationFilter.doFilter(ExceptionTranslationFilter.java:126)
	at org.springframework.security.web.access.ExceptionTranslationFilter.doFilter(ExceptionTranslationFilter.java:120)
	at org.springframework.security.web.FilterChainProxy$VirtualFilterChain.doFilter(FilterChainProxy.java:374)
	at org.springframework.security.web.authentication.AnonymousAuthenticationFilter.doFilter(AnonymousAuthenticationFilter.java:100)
	at org.springframework.security.web.FilterChainProxy$VirtualFilterChain.doFilter(FilterChainProxy.java:374)
	at org.springframework.security.web.servletapi.SecurityContextHolderAwareRequestFilter.doFilter(SecurityContextHolderAwareRequestFilter.java:179)
	at org.springframework.security.web.FilterChainProxy$VirtualFilterChain.doFilter(FilterChainProxy.java:374)
	at org.springframework.security.web.savedrequest.RequestCacheAwareFilter.doFilter(RequestCacheAwareFilter.java:63)
	at org.springframework.security.web.FilterChainProxy$VirtualFilterChain.doFilter(FilterChainProxy.java:374)
	at clv.cos.odc.customized_dietary.common.config.spring_security.CustomFilter.doFilterInternal(CustomFilter.java:17)
	at org.springframework.web.filter.OncePerRequestFilter.doFilter(OncePerRequestFilter.java:116)
	at org.springframework.security.web.FilterChainProxy$VirtualFilterChain.doFilter(FilterChainProxy.java:374)
	at org.springframework.security.web.authentication.logout.LogoutFilter.doFilter(LogoutFilter.java:107)
	at org.springframework.security.web.authentication.logout.LogoutFilter.doFilter(LogoutFilter.java:93)
	at org.springframework.security.web.FilterChainProxy$VirtualFilterChain.doFilter(FilterChainProxy.java:374)
	at org.springframework.web.filter.CorsFilter.doFilterInternal(CorsFilter.java:91)
	at org.springframework.web.filter.OncePerRequestFilter.doFilter(OncePerRequestFilter.java:116)
	at org.springframework.security.web.FilterChainProxy$VirtualFilterChain.doFilter(FilterChainProxy.java:374)
	at org.springframework.security.web.header.HeaderWriterFilter.doHeadersAfter(HeaderWriterFilter.java:90)
	at org.springframework.security.web.header.HeaderWriterFilter.doFilterInternal(HeaderWriterFilter.java:75)
	at org.springframework.web.filter.OncePerRequestFilter.doFilter(OncePerRequestFilter.java:116)
	at org.springframework.security.web.FilterChainProxy$VirtualFilterChain.doFilter(FilterChainProxy.java:374)
	at org.springframework.security.web.context.SecurityContextHolderFilter.doFilter(SecurityContextHolderFilter.java:82)
	at org.springframework.security.web.context.SecurityContextHolderFilter.doFilter(SecurityContextHolderFilter.java:69)
	at org.springframework.security.web.FilterChainProxy$VirtualFilterChain.doFilter(FilterChainProxy.java:374)
	at org.springframework.security.web.context.request.async.WebAsyncManagerIntegrationFilter.doFilterInternal(WebAsyncManagerIntegrationFilter.java:62)
	at org.springframework.web.filter.OncePerRequestFilter.doFilter(OncePerRequestFilter.java:116)
	at org.springframework.security.web.FilterChainProxy$VirtualFilterChain.doFilter(FilterChainProxy.java:374)
	at org.springframework.security.web.session.DisableEncodeUrlFilter.doFilterInternal(DisableEncodeUrlFilter.java:42)
	at org.springframework.web.filter.OncePerRequestFilter.doFilter(OncePerRequestFilter.java:116)
	at org.springframework.security.web.FilterChainProxy$VirtualFilterChain.doFilter(FilterChainProxy.java:374)
	at org.springframework.security.web.FilterChainProxy.doFilterInternal(FilterChainProxy.java:233)
	at org.springframework.security.web.FilterChainProxy.doFilter(FilterChainProxy.java:191)
	at org.springframework.web.filter.CompositeFilter$VirtualFilterChain.doFilter(CompositeFilter.java:113)
	at org.springframework.web.servlet.handler.HandlerMappingIntrospector.lambda$createCacheFilter$3(HandlerMappingIntrospector.java:195)
	at org.springframework.web.filter.CompositeFilter$VirtualFilterChain.doFilter(CompositeFilter.java:113)
	at org.springframework.web.filter.CompositeFilter.doFilter(CompositeFilter.java:74)
	at org.springframework.security.config.annotation.web.configuration.WebMvcSecurityConfiguration$CompositeFilterChainProxy.doFilter(WebMvcSecurityConfiguration.java:230)
	at org.springframework.web.filter.DelegatingFilterProxy.invokeDelegate(DelegatingFilterProxy.java:352)
	at org.springframework.web.filter.DelegatingFilterProxy.doFilter(DelegatingFilterProxy.java:268)
	at org.apache.catalina.core.ApplicationFilterChain.internalDoFilter(ApplicationFilterChain.java:164)
	at org.apache.catalina.core.ApplicationFilterChain.doFilter(ApplicationFilterChain.java:140)
	at org.springframework.web.filter.RequestContextFilter.doFilterInternal(RequestContextFilter.java:100)
	at org.springframework.web.filter.OncePerRequestFilter.doFilter(OncePerRequestFilter.java:116)
	at org.apache.catalina.core.ApplicationFilterChain.internalDoFilter(ApplicationFilterChain.java:164)
	at org.apache.catalina.core.ApplicationFilterChain.doFilter(ApplicationFilterChain.java:140)
	at org.springframework.web.filter.FormContentFilter.doFilterInternal(FormContentFilter.java:93)
	at org.springframework.web.filter.OncePerRequestFilter.doFilter(OncePerRequestFilter.java:116)
	at org.apache.catalina.core.ApplicationFilterChain.internalDoFilter(ApplicationFilterChain.java:164)
	at org.apache.catalina.core.ApplicationFilterChain.doFilter(ApplicationFilterChain.java:140)
	at org.springframework.web.filter.CharacterEncodingFilter.doFilterInternal(CharacterEncodingFilter.java:201)
	at org.springframework.web.filter.OncePerRequestFilter.doFilter(OncePerRequestFilter.java:116)
	at org.apache.catalina.core.ApplicationFilterChain.internalDoFilter(ApplicationFilterChain.java:164)
	at org.apache.catalina.core.ApplicationFilterChain.doFilter(ApplicationFilterChain.java:140)
	at org.apache.catalina.core.StandardWrapperValve.invoke(StandardWrapperValve.java:167)
	at org.apache.catalina.core.StandardContextValve.invoke(StandardContextValve.java:90)
	at org.apache.catalina.authenticator.AuthenticatorBase.invoke(AuthenticatorBase.java:482)
	at org.apache.catalina.core.StandardHostValve.invoke(StandardHostValve.java:115)
	at org.apache.catalina.valves.ErrorReportValve.invoke(ErrorReportValve.java:93)
	at org.apache.catalina.core.StandardEngineValve.invoke(StandardEngineValve.java:74)
	at org.apache.catalina.connector.CoyoteAdapter.service(CoyoteAdapter.java:344)
	at org.apache.coyote.http11.Http11Processor.service(Http11Processor.java:389)
	at org.apache.coyote.AbstractProcessorLight.process(AbstractProcessorLight.java:63)
	at org.apache.coyote.AbstractProtocol$ConnectionHandler.process(AbstractProtocol.java:896)
	at org.apache.tomcat.util.net.NioEndpoint$SocketProcessor.doRun(NioEndpoint.java:1741)
	at org.apache.tomcat.util.net.SocketProcessorBase.run(SocketProcessorBase.java:52)
	at org.apache.tomcat.util.threads.ThreadPoolExecutor.runWorker(ThreadPoolExecutor.java:1190)
	at org.apache.tomcat.util.threads.ThreadPoolExecutor$Worker.run(ThreadPoolExecutor.java:659)
	at org.apache.tomcat.util.threads.TaskThread$WrappingRunnable.run(TaskThread.java:63)
	at java.base/java.lang.Thread.run(Thread.java:842)
[37m31-05-2024 11:41:25[0;39m [34mINFO [0;39m [[34mSpringApplicationShutdownHook[0;39m] [33mcom.zaxxer.hikari.HikariDataSource[0;39m: HikariPool-1 - Shutdown initiated...
[37m31-05-2024 11:41:25[0;39m [34mINFO [0;39m [[34mSpringApplicationShutdownHook[0;39m] [33mcom.zaxxer.hikari.HikariDataSource[0;39m: HikariPool-1 - Shutdown completed.
[37m31-05-2024 11:41:27[0;39m [34mINFO [0;39m [[34mmain[0;39m] [33morg.springframework.boot.StartupInfoLogger[0;39m: Starting CustomizedDietaryApplication using Java 17.0.11 with PID 1624 (C:\Users\tai.duong\Desktop\ODC\BE new\customized-dietary\target\classes started by tai.duong in C:\Users\tai.duong\Desktop\ODC\BE new\customized-dietary)
[37m31-05-2024 11:41:27[0;39m [34mINFO [0;39m [[34mmain[0;39m] [33morg.springframework.boot.SpringApplication[0;39m: No active profile set, falling back to 1 default profile: "default"
[37m31-05-2024 11:41:29[0;39m [34mINFO [0;39m [[34mmain[0;39m] [33morg.springframework.boot.web.embedded.tomcat.TomcatWebServer[0;39m: Tomcat initialized with port 8080 (http)
[37m31-05-2024 11:41:29[0;39m [34mINFO [0;39m [[34mmain[0;39m] [33morg.apache.juli.logging.DirectJDKLog[0;39m: Starting service [Tomcat]
[37m31-05-2024 11:41:29[0;39m [34mINFO [0;39m [[34mmain[0;39m] [33morg.apache.juli.logging.DirectJDKLog[0;39m: Starting Servlet engine: [Apache Tomcat/10.1.24]
[37m31-05-2024 11:41:29[0;39m [34mINFO [0;39m [[34mmain[0;39m] [33morg.apache.juli.logging.DirectJDKLog[0;39m: Initializing Spring embedded WebApplicationContext
[37m31-05-2024 11:41:29[0;39m [34mINFO [0;39m [[34mmain[0;39m] [33morg.springframework.boot.web.servlet.context.ServletWebServerApplicationContext[0;39m: Root WebApplicationContext: initialization completed in 1918 ms
[37m31-05-2024 11:41:30[0;39m [31mWARN [0;39m [[34mmain[0;39m] [33morg.springframework.boot.autoconfigure.security.servlet.UserDetailsServiceAutoConfiguration[0;39m: 

Using generated security password: b5d245b9-7ad5-4f13-b884-9cd326233d39

This generated password is for development use only. Your security configuration must be updated before running your application in production.

[37m31-05-2024 11:41:30[0;39m [34mINFO [0;39m [[34mmain[0;39m] [33morg.springframework.security.web.DefaultSecurityFilterChain[0;39m: Will secure any request with [org.springframework.security.web.session.DisableEncodeUrlFilter@24a4e2c5, org.springframework.security.web.context.request.async.WebAsyncManagerIntegrationFilter@27da994b, org.springframework.security.web.context.SecurityContextHolderFilter@47569167, org.springframework.security.web.header.HeaderWriterFilter@3b57dba4, org.springframework.web.filter.CorsFilter@70f148dc, org.springframework.security.web.authentication.logout.LogoutFilter@3d1c933, clv.cos.odc.customized_dietary.common.config.spring_security.CustomFilter@7f4701b1, org.springframework.security.web.savedrequest.RequestCacheAwareFilter@4b93dd6a, org.springframework.security.web.servletapi.SecurityContextHolderAwareRequestFilter@582a3b19, org.springframework.security.web.authentication.AnonymousAuthenticationFilter@3360283, org.springframework.security.web.access.ExceptionTranslationFilter@49491770, org.springframework.security.web.access.intercept.AuthorizationFilter@4d69d288]
[37m31-05-2024 11:41:31[0;39m [34mINFO [0;39m [[34mmain[0;39m] [33morg.springframework.boot.web.embedded.tomcat.TomcatWebServer[0;39m: Tomcat started on port 8080 (http) with context path ''
[37m31-05-2024 11:41:31[0;39m [34mINFO [0;39m [[34mmain[0;39m] [33morg.springframework.boot.StartupInfoLogger[0;39m: Started CustomizedDietaryApplication in 4.033 seconds (process running for 4.628)
